app/build/intermediates/manifest_merge_blame_file/debug/manifest-merger-blame-debug-report.txt
1<?xml version="1.0" encoding="utf-8"?>
2<manifest xmlns:android="http://schemas.android.com/apk/res/android"
3    package="com.appzoneinfotech.ad"
4    android:versionCode="1"
5    android:versionName="1.0" >
6
7    <uses-sdk
8        android:minSdkVersion="21"
8-->src\main\AndroidManifest.xml
9        android:targetSdkVersion="33" />
9-->src\main\AndroidManifest.xml
10
11    <uses-permission android:name="android.permission.INTERNET" />
11-->src\main\AndroidManifest.xml:6:5-67
11-->src\main\AndroidManifest.xml:6:22-64
12    <uses-permission android:name="android.permission.ACCESS_NETWORK_STATE" />
12-->src\main\AndroidManifest.xml:7:5-79
12-->src\main\AndroidManifest.xml:7:22-76
13    <uses-permission android:name="android.permission.ACCESS_WIFI_STATE" />
13-->src\main\AndroidManifest.xml:8:5-76
13-->src\main\AndroidManifest.xml:8:22-73
14    <uses-permission android:name="android.permission.CHANGE_WIFI_STATE" />
14-->src\main\AndroidManifest.xml:9:5-76
14-->src\main\AndroidManifest.xml:9:22-73
15    <uses-permission android:name="com.google.android.gms.permission.AD_ID" />
15-->[:mylibrarys] AndroidManifest.xml:13:5-79
15-->[:mylibrarys] AndroidManifest.xml:13:22-76
16    <uses-permission android:name="android.permission.Ad_ID" />
16-->[:mylibrarys] AndroidManifest.xml:14:5-64
16-->[:mylibrarys] AndroidManifest.xml:14:22-61
17    <uses-permission android:name="android.permission.BLUETOOTH" />
17-->[:mylibrarys] AndroidManifest.xml:15:5-68
17-->[:mylibrarys] AndroidManifest.xml:15:22-65
18    <uses-permission android:name="android.permission.FOREGROUND_SERVICE" />
18-->[com.github.AnchorFreePartner.hydra-sdk-android:sdk-core:4.0.0] AndroidManifest.xml:13:5-77
18-->[com.github.AnchorFreePartner.hydra-sdk-android:sdk-core:4.0.0] AndroidManifest.xml:13:22-74
19    <uses-permission android:name="android.permission.ACCESS_FINE_LOCATION" />
19-->[com.github.AnchorFree.hydra-vpn-android:networking:d8dd1f8] AndroidManifest.xml:9:5-79
19-->[com.github.AnchorFree.hydra-vpn-android:networking:d8dd1f8] AndroidManifest.xml:9:22-76
20    <uses-permission android:name="android.permission.ACCESS_COARSE_LOCATION" />
20-->[com.github.AnchorFree.hydra-vpn-android:networking:d8dd1f8] AndroidManifest.xml:10:5-81
20-->[com.github.AnchorFree.hydra-vpn-android:networking:d8dd1f8] AndroidManifest.xml:10:22-78
21
22    <queries>
22-->[com.facebook.android:audience-network-sdk:6.11.0] AndroidManifest.xml:11:5-13:15
23        <package android:name="com.facebook.katana" />
23-->[com.facebook.android:audience-network-sdk:6.11.0] AndroidManifest.xml:12:9-55
23-->[com.facebook.android:audience-network-sdk:6.11.0] AndroidManifest.xml:12:18-52
24        <!-- For browser content -->
25        <intent>
25-->[com.google.android.gms:play-services-ads-lite:21.3.0] AndroidManifest.xml:31:9-37:18
26            <action android:name="android.intent.action.VIEW" />
26-->[com.google.android.gms:play-services-ads-lite:21.3.0] AndroidManifest.xml:32:13-65
26-->[com.google.android.gms:play-services-ads-lite:21.3.0] AndroidManifest.xml:32:21-62
27
28            <category android:name="android.intent.category.BROWSABLE" />
28-->[com.google.android.gms:play-services-ads-lite:21.3.0] AndroidManifest.xml:34:13-74
28-->[com.google.android.gms:play-services-ads-lite:21.3.0] AndroidManifest.xml:34:23-71
29
30            <data android:scheme="https" />
30-->[com.google.android.gms:play-services-ads-lite:21.3.0] AndroidManifest.xml:36:13-44
30-->[com.google.android.gms:play-services-ads-lite:21.3.0] AndroidManifest.xml:36:19-41
31        </intent> <!-- End of browser content -->
32        <!-- For CustomTabsService -->
33        <intent>
33-->[com.google.android.gms:play-services-ads-lite:21.3.0] AndroidManifest.xml:40:9-42:18
34            <action android:name="android.support.customtabs.action.CustomTabsService" />
34-->[com.google.android.gms:play-services-ads-lite:21.3.0] AndroidManifest.xml:41:13-90
34-->[com.google.android.gms:play-services-ads-lite:21.3.0] AndroidManifest.xml:41:21-87
35        </intent>
36        <intent>
36-->[com.applovin:applovin-sdk:11.8.2] AndroidManifest.xml:12:9-14:18
37            <action android:name="com.applovin.am.intent.action.APPHUB_SERVICE" />
37-->[com.applovin:applovin-sdk:11.8.2] AndroidManifest.xml:13:13-83
37-->[com.applovin:applovin-sdk:11.8.2] AndroidManifest.xml:13:21-80
38        </intent>
39    </queries>
40
41    <uses-permission android:name="android.permission.WAKE_LOCK" />
41-->[com.google.android.gms:play-services-measurement-sdk-api:20.1.2] AndroidManifest.xml:25:5-68
41-->[com.google.android.gms:play-services-measurement-sdk-api:20.1.2] AndroidManifest.xml:25:22-65
42    <uses-permission android:name="android.permission.RECEIVE_BOOT_COMPLETED" />
42-->[androidx.work:work-runtime:2.8.0-alpha02] AndroidManifest.xml:27:5-81
42-->[androidx.work:work-runtime:2.8.0-alpha02] AndroidManifest.xml:27:22-78
43    <uses-permission android:name="com.applovin.array.apphub.permission.BIND_APPHUB_SERVICE" />
43-->[com.applovin:applovin-sdk:11.8.2] AndroidManifest.xml:20:5-96
43-->[com.applovin:applovin-sdk:11.8.2] AndroidManifest.xml:20:22-93
44
45    <application
45-->src\main\AndroidManifest.xml:11:5-43:19
46        android:name="com.appzone.mylibrarys.MyHelpers"
46-->src\main\AndroidManifest.xml:12:9-56
47        android:allowBackup="true"
47-->src\main\AndroidManifest.xml:13:9-35
48        android:appComponentFactory="androidx.core.app.CoreComponentFactory"
48-->[androidx.core:core:1.7.0] AndroidManifest.xml:24:18-86
49        android:dataExtractionRules="@xml/data_extraction_rules"
49-->src\main\AndroidManifest.xml:14:9-65
50        android:debuggable="true"
51        android:fullBackupContent="@xml/backup_rules"
51-->src\main\AndroidManifest.xml:15:9-54
52        android:hardwareAccelerated="true"
52-->src\main\AndroidManifest.xml:16:9-43
53        android:icon="@mipmap/ic_launcher"
53-->src\main\AndroidManifest.xml:17:9-43
54        android:label="@string/app_name"
54-->src\main\AndroidManifest.xml:18:9-41
55        android:networkSecurityConfig="@xml/sdk_captive_portal_network_security"
55-->[com.github.AnchorFreePartner.hydra-sdk-android:sdk-core:4.0.0] AndroidManifest.xml:16:9-81
56        android:roundIcon="@mipmap/ic_launcher_round"
56-->src\main\AndroidManifest.xml:19:9-54
57        android:supportsRtl="true"
57-->src\main\AndroidManifest.xml:20:9-35
58        android:theme="@style/Theme.AdsProject"
58-->src\main\AndroidManifest.xml:21:9-48
59        android:usesCleartextTraffic="true" >
59-->src\main\AndroidManifest.xml:22:9-44
60        <activity
60-->src\main\AndroidManifest.xml:25:9-27:40
61            android:name="com.appzoneinfotech.ad.TestingActivity"
61-->src\main\AndroidManifest.xml:26:13-66
62            android:exported="false" />
62-->src\main\AndroidManifest.xml:27:13-37
63        <activity
63-->src\main\AndroidManifest.xml:28:9-30:40
64            android:name="com.appzoneinfotech.ad.MainActivity"
64-->src\main\AndroidManifest.xml:29:13-63
65            android:exported="false" />
65-->src\main\AndroidManifest.xml:30:13-37
66        <activity
66-->src\main\AndroidManifest.xml:31:9-33:40
67            android:name="com.appzoneinfotech.ad.AdsCode.ExitScreen"
67-->src\main\AndroidManifest.xml:32:13-69
68            android:exported="false" />
68-->src\main\AndroidManifest.xml:33:13-37
69        <activity
69-->src\main\AndroidManifest.xml:34:9-41:20
70            android:name="com.appzoneinfotech.ad.AdsCode.SplashActivity"
70-->src\main\AndroidManifest.xml:35:13-73
71            android:exported="true" >
71-->src\main\AndroidManifest.xml:36:13-36
72            <intent-filter>
72-->src\main\AndroidManifest.xml:37:13-40:29
73                <action android:name="android.intent.action.MAIN" />
73-->src\main\AndroidManifest.xml:38:17-69
73-->src\main\AndroidManifest.xml:38:25-66
74
75                <category android:name="android.intent.category.LAUNCHER" />
75-->src\main\AndroidManifest.xml:39:17-77
75-->src\main\AndroidManifest.xml:39:27-74
76            </intent-filter>
77        </activity>
78        <activity android:name="com.appzone.mylibrarys.UpdateAppActivity" />
78-->[:mylibrarys] AndroidManifest.xml:18:9-77
78-->[:mylibrarys] AndroidManifest.xml:18:19-74
79        <activity android:name="com.appzone.mylibrarys.SplashHelp" />
79-->[:mylibrarys] AndroidManifest.xml:19:9-70
79-->[:mylibrarys] AndroidManifest.xml:19:19-67
80        <activity android:name="com.appzone.mylibrarys.CustomAdsInterActivity" />
80-->[:mylibrarys] AndroidManifest.xml:20:9-82
80-->[:mylibrarys] AndroidManifest.xml:20:19-79
81
82        <meta-data
82-->[:mylibrarys] AndroidManifest.xml:22:9-24:36
83            android:name="com.google.android.gms.ads.AD_MANAGER_APP"
83-->[:mylibrarys] AndroidManifest.xml:23:13-69
84            android:value="true" />
84-->[:mylibrarys] AndroidManifest.xml:24:13-33
85        <meta-data
85-->[:mylibrarys] AndroidManifest.xml:25:9-27:118
86            android:name="applovin.sdk.key"
86-->[:mylibrarys] AndroidManifest.xml:26:13-44
87            android:value="k5Sz10KaUibR939alqA1zPlTrXqQRlCyC6L_yIcr9Hhbl1y004whkL4rJ4ZSbdwH1Lu748pawbdo5N_p2fXJFf" />
87-->[:mylibrarys] AndroidManifest.xml:27:13-115
88        <meta-data
88-->[:mylibrarys] AndroidManifest.xml:28:9-30:36
89            android:name="applovin.sdk.verbose_logging"
89-->[:mylibrarys] AndroidManifest.xml:29:13-56
90            android:value="true" />
90-->[:mylibrarys] AndroidManifest.xml:30:13-33
91        <meta-data
91-->[com.github.AnchorFreePartner.hydra-sdk-android:hydra:4.0.0] AndroidManifest.xml:10:9-12:56
92            android:name="unified.sdk.config.vpn.hydra"
92-->[com.github.AnchorFreePartner.hydra-sdk-android:hydra:4.0.0] AndroidManifest.xml:11:13-56
93            android:resource="@raw/hydra_vpn_config" />
93-->[com.github.AnchorFreePartner.hydra-sdk-android:hydra:4.0.0] AndroidManifest.xml:12:13-53
94
95        <provider
95-->[com.github.AnchorFreePartner.hydra-sdk-android:hydra:4.0.0] AndroidManifest.xml:14:9-18:37
96            android:name="unified.vpn.sdk.HydraTransportInitProvider"
96-->[com.github.AnchorFreePartner.hydra-sdk-android:hydra:4.0.0] AndroidManifest.xml:15:13-70
97            android:authorities="com.appzoneinfotech.ad.sdk.transport.hydra"
97-->[com.github.AnchorFreePartner.hydra-sdk-android:hydra:4.0.0] AndroidManifest.xml:16:13-71
98            android:exported="false"
98-->[com.github.AnchorFreePartner.hydra-sdk-android:hydra:4.0.0] AndroidManifest.xml:17:13-37
99            android:initOrder="1" />
99-->[com.github.AnchorFreePartner.hydra-sdk-android:hydra:4.0.0] AndroidManifest.xml:18:13-34
100
101        <meta-data
101-->[com.github.AnchorFreePartner.hydra-sdk-android:openvpn:4.0.0] AndroidManifest.xml:10:9-12:58
102            android:name="unified.sdk.config.vpn.openvpn"
102-->[com.github.AnchorFreePartner.hydra-sdk-android:openvpn:4.0.0] AndroidManifest.xml:11:13-58
103            android:resource="@raw/openvpn_vpn_config" />
103-->[com.github.AnchorFreePartner.hydra-sdk-android:openvpn:4.0.0] AndroidManifest.xml:12:13-55
104
105        <provider
105-->[com.github.AnchorFreePartner.hydra-sdk-android:sdk-core:4.0.0] AndroidManifest.xml:18:9-22:37
106            android:name="unified.vpn.sdk.DBProvider"
106-->[com.github.AnchorFreePartner.hydra-sdk-android:sdk-core:4.0.0] AndroidManifest.xml:19:13-54
107            android:authorities="com.appzoneinfotech.ad.hydra.sdk.db.provider"
107-->[com.github.AnchorFreePartner.hydra-sdk-android:sdk-core:4.0.0] AndroidManifest.xml:20:13-73
108            android:exported="false"
108-->[com.github.AnchorFreePartner.hydra-sdk-android:sdk-core:4.0.0] AndroidManifest.xml:21:13-37
109            android:initOrder="1" />
109-->[com.github.AnchorFreePartner.hydra-sdk-android:sdk-core:4.0.0] AndroidManifest.xml:22:13-34
110        <provider
110-->[com.github.AnchorFreePartner.hydra-sdk-android:sdk-core:4.0.0] AndroidManifest.xml:23:9-27:39
111            android:name="unified.vpn.sdk.UnifiedSdkInitProviderMain"
111-->[com.github.AnchorFreePartner.hydra-sdk-android:sdk-core:4.0.0] AndroidManifest.xml:24:13-70
112            android:authorities="com.appzoneinfotech.ad.anchorfree.sdk.init.provider"
112-->[com.github.AnchorFreePartner.hydra-sdk-android:sdk-core:4.0.0] AndroidManifest.xml:25:13-80
113            android:exported="false"
113-->[com.github.AnchorFreePartner.hydra-sdk-android:sdk-core:4.0.0] AndroidManifest.xml:26:13-37
114            android:initOrder="100" />
114-->[com.github.AnchorFreePartner.hydra-sdk-android:sdk-core:4.0.0] AndroidManifest.xml:27:13-36
115        <provider
115-->[com.github.AnchorFreePartner.hydra-sdk-android:sdk-core:4.0.0] AndroidManifest.xml:28:9-33:58
116            android:name="unified.vpn.sdk.UnifiedSdkInitProviderVpn"
116-->[com.github.AnchorFreePartner.hydra-sdk-android:sdk-core:4.0.0] AndroidManifest.xml:29:13-69
117            android:authorities="com.appzoneinfotech.ad.anchorfree.sdk.init.provider.vpn"
117-->[com.github.AnchorFreePartner.hydra-sdk-android:sdk-core:4.0.0] AndroidManifest.xml:30:13-84
118            android:exported="false"
118-->[com.github.AnchorFreePartner.hydra-sdk-android:sdk-core:4.0.0] AndroidManifest.xml:31:13-37
119            android:initOrder="100"
119-->[com.github.AnchorFreePartner.hydra-sdk-android:sdk-core:4.0.0] AndroidManifest.xml:32:13-36
120            android:process="@string/vpn_process_name" />
120-->[com.github.AnchorFreePartner.hydra-sdk-android:sdk-core:4.0.0] AndroidManifest.xml:33:13-55
121
122        <meta-data
122-->[com.github.AnchorFreePartner.hydra-sdk-android:sdk-core:4.0.0] AndroidManifest.xml:35:9-37:62
123            android:name="com.anchorfree.sdk.daemons"
123-->[com.github.AnchorFreePartner.hydra-sdk-android:sdk-core:4.0.0] AndroidManifest.xml:36:13-54
124            android:resource="@raw/unified_daemons_config" />
124-->[com.github.AnchorFreePartner.hydra-sdk-android:sdk-core:4.0.0] AndroidManifest.xml:37:13-59
125        <meta-data
125-->[com.github.AnchorFreePartner.hydra-sdk-android:sdk-analytics:4.0.0] AndroidManifest.xml:11:9-14:48
126            android:name="com.anchorfree.sdk.tracker.config"
126-->[com.github.AnchorFreePartner.hydra-sdk-android:sdk-analytics:4.0.0] AndroidManifest.xml:12:13-61
127            android:resource="@raw/sdk_tracker_config" />
127-->[com.github.AnchorFreePartner.hydra-sdk-android:sdk-analytics:4.0.0] AndroidManifest.xml:13:13-55
128        <meta-data
128-->[com.github.AnchorFreePartner.hydra-sdk-android:sdk-reconnection:4.0.0] AndroidManifest.xml:10:9-12:55
129            android:name="unified.sdk.config.vpn"
129-->[com.github.AnchorFreePartner.hydra-sdk-android:sdk-reconnection:4.0.0] AndroidManifest.xml:11:13-50
130            android:resource="@raw/core_vpn_config" />
130-->[com.github.AnchorFreePartner.hydra-sdk-android:sdk-reconnection:4.0.0] AndroidManifest.xml:12:13-52
131
132        <provider
132-->[com.github.AnchorFreePartner.hydra-sdk-android:ucr-analytics:4.0.0] AndroidManifest.xml:13:9-19:20
133            android:name="unified.vpn.sdk.UcrContentProvider"
133-->[com.github.AnchorFreePartner.hydra-sdk-android:ucr-analytics:4.0.0] AndroidManifest.xml:14:13-62
134            android:authorities="com.appzoneinfotech.ad.ucr.provider"
134-->[com.github.AnchorFreePartner.hydra-sdk-android:ucr-analytics:4.0.0] AndroidManifest.xml:15:13-64
135            android:enabled="true"
135-->[com.github.AnchorFreePartner.hydra-sdk-android:ucr-analytics:4.0.0] AndroidManifest.xml:16:13-35
136            android:exported="false"
136-->[com.github.AnchorFreePartner.hydra-sdk-android:ucr-analytics:4.0.0] AndroidManifest.xml:17:13-37
137            android:multiprocess="false" >
137-->[com.github.AnchorFreePartner.hydra-sdk-android:ucr-analytics:4.0.0] AndroidManifest.xml:18:13-41
138        </provider>
139
140        <service
140-->[com.github.AnchorFreePartner.hydra-sdk-android:daemon:4.0.0] AndroidManifest.xml:10:9-13:58
141            android:name="unified.vpn.sdk.DaemonsService"
141-->[com.github.AnchorFreePartner.hydra-sdk-android:daemon:4.0.0] AndroidManifest.xml:11:13-58
142            android:exported="false"
142-->[com.github.AnchorFreePartner.hydra-sdk-android:daemon:4.0.0] AndroidManifest.xml:12:13-37
143            android:process="@string/vpn_process_name" />
143-->[com.github.AnchorFreePartner.hydra-sdk-android:daemon:4.0.0] AndroidManifest.xml:13:13-55
144        <service
144-->[com.github.AnchorFree.hydra-vpn-android:hydratransport:d8dd1f8] AndroidManifest.xml:10:9-14:19
145            android:name="unified.vpn.sdk.HydraProxyService"
145-->[com.github.AnchorFree.hydra-vpn-android:hydratransport:d8dd1f8] AndroidManifest.xml:11:13-61
146            android:exported="false"
146-->[com.github.AnchorFree.hydra-vpn-android:hydratransport:d8dd1f8] AndroidManifest.xml:12:13-37
147            android:permission="android.permission.BIND_VPN_SERVICE" >
147-->[com.github.AnchorFree.hydra-vpn-android:hydratransport:d8dd1f8] AndroidManifest.xml:13:13-69
148        </service>
149
150        <activity
150-->[com.github.AnchorFree.hydra-vpn-android:service:d8dd1f8] AndroidManifest.xml:12:9-17:75
151            android:name="unified.vpn.sdk.StartVPNServiceShadowActivity"
151-->[com.github.AnchorFree.hydra-vpn-android:service:d8dd1f8] AndroidManifest.xml:13:13-73
152            android:exported="false"
152-->[com.github.AnchorFree.hydra-vpn-android:service:d8dd1f8] AndroidManifest.xml:14:13-37
153            android:launchMode="singleTask"
153-->[com.github.AnchorFree.hydra-vpn-android:service:d8dd1f8] AndroidManifest.xml:15:13-44
154            android:process="@string/vpn_process_name"
154-->[com.github.AnchorFree.hydra-vpn-android:service:d8dd1f8] AndroidManifest.xml:16:13-55
155            android:theme="@android:style/Theme.Translucent.NoTitleBar" />
155-->[com.github.AnchorFree.hydra-vpn-android:service:d8dd1f8] AndroidManifest.xml:17:13-72
156
157        <service
157-->[com.github.AnchorFree.hydra-vpn-android:service:d8dd1f8] AndroidManifest.xml:19:9-28:19
158            android:name="unified.vpn.sdk.AFVpnService"
158-->[com.github.AnchorFree.hydra-vpn-android:service:d8dd1f8] AndroidManifest.xml:20:13-56
159            android:enabled="@bool/vpn_process_enabled"
159-->[com.github.AnchorFree.hydra-vpn-android:service:d8dd1f8] AndroidManifest.xml:21:13-56
160            android:exported="false"
160-->[com.github.AnchorFree.hydra-vpn-android:service:d8dd1f8] AndroidManifest.xml:22:13-37
161            android:permission="android.permission.BIND_VPN_SERVICE"
161-->[com.github.AnchorFree.hydra-vpn-android:service:d8dd1f8] AndroidManifest.xml:23:13-69
162            android:process="@string/vpn_process_name" >
162-->[com.github.AnchorFree.hydra-vpn-android:service:d8dd1f8] AndroidManifest.xml:24:13-55
163            <intent-filter>
163-->[com.github.AnchorFree.hydra-vpn-android:service:d8dd1f8] AndroidManifest.xml:25:13-27:29
164                <action android:name="android.net.VpnService" />
164-->[com.github.AnchorFree.hydra-vpn-android:service:d8dd1f8] AndroidManifest.xml:26:17-65
164-->[com.github.AnchorFree.hydra-vpn-android:service:d8dd1f8] AndroidManifest.xml:26:25-62
165            </intent-filter>
166        </service>
167
168        <provider
168-->[com.github.AnchorFree.hydra-vpn-android:service-config:d8dd1f8] AndroidManifest.xml:10:9-13:40
169            android:name="unified.vpn.sdk.VpnConfigProvider"
169-->[com.github.AnchorFree.hydra-vpn-android:service-config:d8dd1f8] AndroidManifest.xml:11:13-61
170            android:authorities="com.appzoneinfotech.ad.vpn_config"
170-->[com.github.AnchorFree.hydra-vpn-android:service-config:d8dd1f8] AndroidManifest.xml:12:13-62
171            android:exported="false" />
171-->[com.github.AnchorFree.hydra-vpn-android:service-config:d8dd1f8] AndroidManifest.xml:13:13-37
172        <provider
172-->[com.github.AnchorFree.hydra-vpn-android:credentials:d8dd1f8] AndroidManifest.xml:10:9-13:40
173            android:name="unified.vpn.sdk.CredentialsContentProvider"
173-->[com.github.AnchorFree.hydra-vpn-android:credentials:d8dd1f8] AndroidManifest.xml:11:13-70
174            android:authorities="com.appzoneinfotech.ad.credentials"
174-->[com.github.AnchorFree.hydra-vpn-android:credentials:d8dd1f8] AndroidManifest.xml:12:13-63
175            android:exported="false" />
175-->[com.github.AnchorFree.hydra-vpn-android:credentials:d8dd1f8] AndroidManifest.xml:13:13-37
176
177        <activity
177-->[com.facebook.android:audience-network-sdk:6.11.0] AndroidManifest.xml:19:9-23:75
178            android:name="com.facebook.ads.AudienceNetworkActivity"
178-->[com.facebook.android:audience-network-sdk:6.11.0] AndroidManifest.xml:20:13-68
179            android:configChanges="keyboardHidden|orientation|screenSize"
179-->[com.facebook.android:audience-network-sdk:6.11.0] AndroidManifest.xml:21:13-74
180            android:exported="false"
180-->[com.facebook.android:audience-network-sdk:6.11.0] AndroidManifest.xml:22:13-37
181            android:theme="@android:style/Theme.Translucent.NoTitleBar" />
181-->[com.facebook.android:audience-network-sdk:6.11.0] AndroidManifest.xml:23:13-72
182
183        <provider
183-->[com.facebook.android:audience-network-sdk:6.11.0] AndroidManifest.xml:25:9-28:40
184            android:name="com.facebook.ads.AudienceNetworkContentProvider"
184-->[com.facebook.android:audience-network-sdk:6.11.0] AndroidManifest.xml:26:13-75
185            android:authorities="com.appzoneinfotech.ad.AudienceNetworkContentProvider"
185-->[com.facebook.android:audience-network-sdk:6.11.0] AndroidManifest.xml:27:13-82
186            android:exported="false" /> <!-- Include the AdActivity and InAppPurchaseActivity configChanges and themes. -->
186-->[com.facebook.android:audience-network-sdk:6.11.0] AndroidManifest.xml:28:13-37
187        <activity
187-->[com.google.android.gms:play-services-ads-lite:21.3.0] AndroidManifest.xml:49:9-53:64
188            android:name="com.google.android.gms.ads.AdActivity"
188-->[com.google.android.gms:play-services-ads-lite:21.3.0] AndroidManifest.xml:50:13-65
189            android:configChanges="keyboard|keyboardHidden|orientation|screenLayout|uiMode|screenSize|smallestScreenSize"
189-->[com.google.android.gms:play-services-ads-lite:21.3.0] AndroidManifest.xml:51:13-122
190            android:exported="false"
190-->[com.google.android.gms:play-services-ads-lite:21.3.0] AndroidManifest.xml:52:13-37
191            android:theme="@android:style/Theme.Translucent" />
191-->[com.google.android.gms:play-services-ads-lite:21.3.0] AndroidManifest.xml:53:13-61
192
193        <provider
193-->[com.google.android.gms:play-services-ads-lite:21.3.0] AndroidManifest.xml:55:9-59:39
194            android:name="com.google.android.gms.ads.MobileAdsInitProvider"
194-->[com.google.android.gms:play-services-ads-lite:21.3.0] AndroidManifest.xml:56:13-76
195            android:authorities="com.appzoneinfotech.ad.mobileadsinitprovider"
195-->[com.google.android.gms:play-services-ads-lite:21.3.0] AndroidManifest.xml:57:13-73
196            android:exported="false"
196-->[com.google.android.gms:play-services-ads-lite:21.3.0] AndroidManifest.xml:58:13-37
197            android:initOrder="100" />
197-->[com.google.android.gms:play-services-ads-lite:21.3.0] AndroidManifest.xml:59:13-36
198
199        <service
199-->[com.google.android.gms:play-services-ads-lite:21.3.0] AndroidManifest.xml:61:9-64:40
200            android:name="com.google.android.gms.ads.AdService"
200-->[com.google.android.gms:play-services-ads-lite:21.3.0] AndroidManifest.xml:62:13-64
201            android:enabled="true"
201-->[com.google.android.gms:play-services-ads-lite:21.3.0] AndroidManifest.xml:63:13-35
202            android:exported="false" />
202-->[com.google.android.gms:play-services-ads-lite:21.3.0] AndroidManifest.xml:64:13-37
203
204        <activity
204-->[com.google.android.gms:play-services-base:18.0.0] AndroidManifest.xml:20:9-22:45
205            android:name="com.google.android.gms.common.api.GoogleApiActivity"
205-->[com.google.android.gms:play-services-base:18.0.0] AndroidManifest.xml:20:19-85
206            android:exported="false"
206-->[com.google.android.gms:play-services-base:18.0.0] AndroidManifest.xml:22:19-43
207            android:theme="@android:style/Theme.Translucent.NoTitleBar" />
207-->[com.google.android.gms:play-services-base:18.0.0] AndroidManifest.xml:21:19-78
208
209        <meta-data
209-->[com.google.android.gms:play-services-basement:18.0.0] AndroidManifest.xml:21:9-23:69
210            android:name="com.google.android.gms.version"
210-->[com.google.android.gms:play-services-basement:18.0.0] AndroidManifest.xml:22:13-58
211            android:value="@integer/google_play_services_version" />
211-->[com.google.android.gms:play-services-basement:18.0.0] AndroidManifest.xml:23:13-66
212
213        <provider
213-->[androidx.emoji2:emoji2:1.0.0] AndroidManifest.xml:26:9-34:20
214            android:name="androidx.startup.InitializationProvider"
214-->[androidx.emoji2:emoji2:1.0.0] AndroidManifest.xml:27:13-67
215            android:authorities="com.appzoneinfotech.ad.androidx-startup"
215-->[androidx.emoji2:emoji2:1.0.0] AndroidManifest.xml:28:13-68
216            android:exported="false" >
216-->[androidx.emoji2:emoji2:1.0.0] AndroidManifest.xml:29:13-37
217            <meta-data
217-->[androidx.emoji2:emoji2:1.0.0] AndroidManifest.xml:31:13-33:52
218                android:name="androidx.emoji2.text.EmojiCompatInitializer"
218-->[androidx.emoji2:emoji2:1.0.0] AndroidManifest.xml:32:17-75
219                android:value="androidx.startup" />
219-->[androidx.emoji2:emoji2:1.0.0] AndroidManifest.xml:33:17-49
220            <meta-data
220-->[androidx.work:work-runtime:2.8.0-alpha02] AndroidManifest.xml:36:13-38:52
221                android:name="androidx.work.WorkManagerInitializer"
221-->[androidx.work:work-runtime:2.8.0-alpha02] AndroidManifest.xml:37:17-68
222                android:value="androidx.startup" />
222-->[androidx.work:work-runtime:2.8.0-alpha02] AndroidManifest.xml:38:17-49
223            <meta-data
223-->[androidx.lifecycle:lifecycle-process:2.4.0] AndroidManifest.xml:31:13-33:52
224                android:name="androidx.lifecycle.ProcessLifecycleInitializer"
224-->[androidx.lifecycle:lifecycle-process:2.4.0] AndroidManifest.xml:32:17-78
225                android:value="androidx.startup" />
225-->[androidx.lifecycle:lifecycle-process:2.4.0] AndroidManifest.xml:33:17-49
226        </provider>
227
228        <service
228-->[androidx.work:work-runtime:2.8.0-alpha02] AndroidManifest.xml:41:9-47:35
229            android:name="androidx.work.impl.background.systemalarm.SystemAlarmService"
229-->[androidx.work:work-runtime:2.8.0-alpha02] AndroidManifest.xml:42:13-88
230            android:directBootAware="false"
230-->[androidx.work:work-runtime:2.8.0-alpha02] AndroidManifest.xml:43:13-44
231            android:enabled="@bool/enable_system_alarm_service_default"
231-->[androidx.work:work-runtime:2.8.0-alpha02] AndroidManifest.xml:44:13-72
232            android:exported="false" />
232-->[androidx.work:work-runtime:2.8.0-alpha02] AndroidManifest.xml:45:13-37
233        <service
233-->[androidx.work:work-runtime:2.8.0-alpha02] AndroidManifest.xml:48:9-54:35
234            android:name="androidx.work.impl.background.systemjob.SystemJobService"
234-->[androidx.work:work-runtime:2.8.0-alpha02] AndroidManifest.xml:49:13-84
235            android:directBootAware="false"
235-->[androidx.work:work-runtime:2.8.0-alpha02] AndroidManifest.xml:50:13-44
236            android:enabled="@bool/enable_system_job_service_default"
236-->[androidx.work:work-runtime:2.8.0-alpha02] AndroidManifest.xml:51:13-70
237            android:exported="true"
237-->[androidx.work:work-runtime:2.8.0-alpha02] AndroidManifest.xml:52:13-36
238            android:permission="android.permission.BIND_JOB_SERVICE" />
238-->[androidx.work:work-runtime:2.8.0-alpha02] AndroidManifest.xml:53:13-69
239        <service
239-->[androidx.work:work-runtime:2.8.0-alpha02] AndroidManifest.xml:55:9-61:35
240            android:name="androidx.work.impl.foreground.SystemForegroundService"
240-->[androidx.work:work-runtime:2.8.0-alpha02] AndroidManifest.xml:56:13-81
241            android:directBootAware="false"
241-->[androidx.work:work-runtime:2.8.0-alpha02] AndroidManifest.xml:57:13-44
242            android:enabled="@bool/enable_system_foreground_service_default"
242-->[androidx.work:work-runtime:2.8.0-alpha02] AndroidManifest.xml:58:13-77
243            android:exported="false" />
243-->[androidx.work:work-runtime:2.8.0-alpha02] AndroidManifest.xml:59:13-37
244
245        <receiver
245-->[androidx.work:work-runtime:2.8.0-alpha02] AndroidManifest.xml:63:9-68:35
246            android:name="androidx.work.impl.utils.ForceStopRunnable$BroadcastReceiver"
246-->[androidx.work:work-runtime:2.8.0-alpha02] AndroidManifest.xml:64:13-88
247            android:directBootAware="false"
247-->[androidx.work:work-runtime:2.8.0-alpha02] AndroidManifest.xml:65:13-44
248            android:enabled="true"
248-->[androidx.work:work-runtime:2.8.0-alpha02] AndroidManifest.xml:66:13-35
249            android:exported="false" />
249-->[androidx.work:work-runtime:2.8.0-alpha02] AndroidManifest.xml:67:13-37
250        <receiver
250-->[androidx.work:work-runtime:2.8.0-alpha02] AndroidManifest.xml:69:9-79:20
251            android:name="androidx.work.impl.background.systemalarm.ConstraintProxy$BatteryChargingProxy"
251-->[androidx.work:work-runtime:2.8.0-alpha02] AndroidManifest.xml:70:13-106
252            android:directBootAware="false"
252-->[androidx.work:work-runtime:2.8.0-alpha02] AndroidManifest.xml:71:13-44
253            android:enabled="false"
253-->[androidx.work:work-runtime:2.8.0-alpha02] AndroidManifest.xml:72:13-36
254            android:exported="false" >
254-->[androidx.work:work-runtime:2.8.0-alpha02] AndroidManifest.xml:73:13-37
255            <intent-filter>
255-->[androidx.work:work-runtime:2.8.0-alpha02] AndroidManifest.xml:75:13-78:29